<?xml version="1.0" encoding="UTF-8"?>
<testsuite name="powerPackage.PowerFinderTest" tests="4" skipped="0" failures="0" errors="0" timestamp="2023-12-21T13:21:44" hostname="LAPTOP-NHIVA3TD" time="0.008">
  <properties/>
  <testcase name="testThreeRaisedToTwoIsNine" classname="powerPackage.PowerFinderTest" time="0.006"/>
  <testcase name="testOneRaisedToOneIsOne" classname="powerPackage.PowerFinderTest" time="0.0"/>
  <testcase name="testTwoRaisedToTwoIsFour" classname="powerPackage.PowerFinderTest" time="0.001"/>
  <testcase name="testTwoRaisedToOneIsTwo" classname="powerPackage.PowerFinderTest" time="0.0"/>
  <system-out><![CDATA[]]></system-out>
  <system-err><![CDATA[]]></system-err>
</testsuite>
